Determining if the pthread_create exist failed with the following output:
Change Dir: /home/hondasora/practice/pcl/mesh2PointCloud/build/CMakeFiles/CMakeTmp

Run Build Command:"/usr/bin/make" "cmTC_da832/fast"
make[1]: ディレクトリ `/home/hondasora/practice/pcl/mesh2PointCloud/build/CMakeFiles/CMakeTmp' に入ります
/usr/bin/make -f CMakeFiles/cmTC_da832.dir/build.make CMakeFiles/cmTC_da832.dir/build
make[2]: ディレクトリ `/home/hondasora/practice/pcl/mesh2PointCloud/build/CMakeFiles/CMakeTmp' に入ります
Building C object CMakeFiles/cmTC_da832.dir/CheckSymbolExists.c.o
/usr/bin/cc     -o CMakeFiles/cmTC_da832.dir/CheckSymbolExists.c.o   -c /home/hondasora/practice/pcl/mesh2PointCloud/build/CMakeFiles/CMakeTmp/CheckSymbolExists.c
Linking C executable cmTC_da832
/usr/bin/cmake -E cmake_link_script CMakeFiles/cmTC_da832.dir/link.txt --verbose=1
/usr/bin/cc       CMakeFiles/cmTC_da832.dir/CheckSymbolExists.c.o  -o cmTC_da832 -rdynamic 
CMakeFiles/cmTC_da832.dir/CheckSymbolExists.c.o: 関数 `main' 内:
CheckSymbolExists.c:(.text+0x16): `pthread_create' に対する定義されていない参照です
collect2: error: ld returned 1 exit status
make[2]: *** [cmTC_da832] エラー 1
make[2]: ディレクトリ `/home/hondasora/practice/pcl/mesh2PointCloud/build/CMakeFiles/CMakeTmp' から出ます
make[1]: *** [cmTC_da832/fast] エラー 2
make[1]: ディレクトリ `/home/hondasora/practice/pcl/mesh2PointCloud/build/CMakeFiles/CMakeTmp' から出ます

File /home/hondasora/practice/pcl/mesh2PointCloud/build/CMakeFiles/CMakeTmp/CheckSymbolExists.c:
/* */
#include <pthread.h>

int main(int argc, char** argv)
{
  (void)argv;
#ifndef pthread_create
  return ((int*)(&pthread_create))[argc];
#else
  (void)argc;
  return 0;
#endif
}

Determining if the function pthread_create exists in the pthreads failed with the following output:
Change Dir: /home/hondasora/practice/pcl/mesh2PointCloud/build/CMakeFiles/CMakeTmp

Run Build Command:"/usr/bin/make" "cmTC_71541/fast"
make[1]: ディレクトリ `/home/hondasora/practice/pcl/mesh2PointCloud/build/CMakeFiles/CMakeTmp' に入ります
/usr/bin/make -f CMakeFiles/cmTC_71541.dir/build.make CMakeFiles/cmTC_71541.dir/build
make[2]: ディレクトリ `/home/hondasora/practice/pcl/mesh2PointCloud/build/CMakeFiles/CMakeTmp' に入ります
Building C object CMakeFiles/cmTC_71541.dir/CheckFunctionExists.c.o
/usr/bin/cc    -DCHECK_FUNCTION_EXISTS=pthread_create   -o CMakeFiles/cmTC_71541.dir/CheckFunctionExists.c.o   -c /usr/share/cmake-3.5/Modules/CheckFunctionExists.c
Linking C executable cmTC_71541
/usr/bin/cmake -E cmake_link_script CMakeFiles/cmTC_71541.dir/link.txt --verbose=1
/usr/bin/cc   -DCHECK_FUNCTION_EXISTS=pthread_create    CMakeFiles/cmTC_71541.dir/CheckFunctionExists.c.o  -o cmTC_71541 -rdynamic -lpthreads 
/usr/bin/ld: -lpthreads が見つかりません
collect2: error: ld returned 1 exit status
make[2]: *** [cmTC_71541] エラー 1
make[2]: ディレクトリ `/home/hondasora/practice/pcl/mesh2PointCloud/build/CMakeFiles/CMakeTmp' から出ます
make[1]: *** [cmTC_71541/fast] エラー 2
make[1]: ディレクトリ `/home/hondasora/practice/pcl/mesh2PointCloud/build/CMakeFiles/CMakeTmp' から出ます


