Determining if the pthread_create exist failed with the following output:
Change Dir: /home/hondasora/practice/pcl/get_pcl/build/CMakeFiles/CMakeTmp

Run Build Command:"/usr/bin/make" "cmTC_3c32a/fast"
/usr/bin/make -f CMakeFiles/cmTC_3c32a.dir/build.make CMakeFiles/cmTC_3c32a.dir/build
make[1]: ディレクトリ `/home/hondasora/practice/pcl/get_pcl/build/CMakeFiles/CMakeTmp' に入ります
Building C object CMakeFiles/cmTC_3c32a.dir/CheckSymbolExists.c.o
/usr/bin/cc     -o CMakeFiles/cmTC_3c32a.dir/CheckSymbolExists.c.o   -c /home/hondasora/practice/pcl/get_pcl/build/CMakeFiles/CMakeTmp/CheckSymbolExists.c
Linking C executable cmTC_3c32a
/usr/bin/cmake -E cmake_link_script CMakeFiles/cmTC_3c32a.dir/link.txt --verbose=1
/usr/bin/cc       CMakeFiles/cmTC_3c32a.dir/CheckSymbolExists.c.o  -o cmTC_3c32a -rdynamic 
CMakeFiles/cmTC_3c32a.dir/CheckSymbolExists.c.o: 関数 `main' 内:
CheckSymbolExists.c:(.text+0x16): `pthread_create' に対する定義されていない参照です
collect2: error: ld returned 1 exit status
make[1]: *** [cmTC_3c32a] エラー 1
make[1]: ディレクトリ `/home/hondasora/practice/pcl/get_pcl/build/CMakeFiles/CMakeTmp' から出ます
make: *** [cmTC_3c32a/fast] エラー 2

File /home/hondasora/practice/pcl/get_pcl/build/CMakeFiles/CMakeTmp/CheckSymbolExists.c:
/* */
#include <pthread.h>

int main(int argc, char** argv)
{
  (void)argv;
#ifndef pthread_create
  return ((int*)(&pthread_create))[argc];
#else
  (void)argc;
  return 0;
#endif
}

Determining if the function pthread_create exists in the pthreads failed with the following output:
Change Dir: /home/hondasora/practice/pcl/get_pcl/build/CMakeFiles/CMakeTmp

Run Build Command:"/usr/bin/make" "cmTC_e544d/fast"
/usr/bin/make -f CMakeFiles/cmTC_e544d.dir/build.make CMakeFiles/cmTC_e544d.dir/build
make[1]: ディレクトリ `/home/hondasora/practice/pcl/get_pcl/build/CMakeFiles/CMakeTmp' に入ります
Building C object CMakeFiles/cmTC_e544d.dir/CheckFunctionExists.c.o
/usr/bin/cc    -DCHECK_FUNCTION_EXISTS=pthread_create   -o CMakeFiles/cmTC_e544d.dir/CheckFunctionExists.c.o   -c /usr/share/cmake-3.5/Modules/CheckFunctionExists.c
Linking C executable cmTC_e544d
/usr/bin/cmake -E cmake_link_script CMakeFiles/cmTC_e544d.dir/link.txt --verbose=1
/usr/bin/cc   -DCHECK_FUNCTION_EXISTS=pthread_create    CMakeFiles/cmTC_e544d.dir/CheckFunctionExists.c.o  -o cmTC_e544d -rdynamic -lpthreads 
/usr/bin/ld: -lpthreads が見つかりません
collect2: error: ld returned 1 exit status
make[1]: *** [cmTC_e544d] エラー 1
make[1]: ディレクトリ `/home/hondasora/practice/pcl/get_pcl/build/CMakeFiles/CMakeTmp' から出ます
make: *** [cmTC_e544d/fast] エラー 2


