Determining if the pthread_create exist failed with the following output:
Change Dir: /home/hondasora/practice/pcl/tracking/build/CMakeFiles/CMakeTmp

Run Build Command:"/usr/bin/make" "cmTC_92e25/fast"
/usr/bin/make -f CMakeFiles/cmTC_92e25.dir/build.make CMakeFiles/cmTC_92e25.dir/build
make[1]: ディレクトリ `/home/hondasora/practice/pcl/tracking/build/CMakeFiles/CMakeTmp' に入ります
Building C object CMakeFiles/cmTC_92e25.dir/CheckSymbolExists.c.o
/usr/bin/cc     -o CMakeFiles/cmTC_92e25.dir/CheckSymbolExists.c.o   -c /home/hondasora/practice/pcl/tracking/build/CMakeFiles/CMakeTmp/CheckSymbolExists.c
Linking C executable cmTC_92e25
/usr/bin/cmake -E cmake_link_script CMakeFiles/cmTC_92e25.dir/link.txt --verbose=1
/usr/bin/cc       CMakeFiles/cmTC_92e25.dir/CheckSymbolExists.c.o  -o cmTC_92e25 -rdynamic 
CMakeFiles/cmTC_92e25.dir/CheckSymbolExists.c.o: 関数 `main' 内:
CheckSymbolExists.c:(.text+0x16): `pthread_create' に対する定義されていない参照です
collect2: error: ld returned 1 exit status
make[1]: *** [cmTC_92e25] エラー 1
make[1]: ディレクトリ `/home/hondasora/practice/pcl/tracking/build/CMakeFiles/CMakeTmp' から出ます
make: *** [cmTC_92e25/fast] エラー 2

File /home/hondasora/practice/pcl/tracking/build/CMakeFiles/CMakeTmp/CheckSymbolExists.c:
/* */
#include <pthread.h>

int main(int argc, char** argv)
{
  (void)argv;
#ifndef pthread_create
  return ((int*)(&pthread_create))[argc];
#else
  (void)argc;
  return 0;
#endif
}

Determining if the function pthread_create exists in the pthreads failed with the following output:
Change Dir: /home/hondasora/practice/pcl/tracking/build/CMakeFiles/CMakeTmp

Run Build Command:"/usr/bin/make" "cmTC_50845/fast"
/usr/bin/make -f CMakeFiles/cmTC_50845.dir/build.make CMakeFiles/cmTC_50845.dir/build
make[1]: ディレクトリ `/home/hondasora/practice/pcl/tracking/build/CMakeFiles/CMakeTmp' に入ります
Building C object CMakeFiles/cmTC_50845.dir/CheckFunctionExists.c.o
/usr/bin/cc    -DCHECK_FUNCTION_EXISTS=pthread_create   -o CMakeFiles/cmTC_50845.dir/CheckFunctionExists.c.o   -c /usr/share/cmake-3.5/Modules/CheckFunctionExists.c
Linking C executable cmTC_50845
/usr/bin/cmake -E cmake_link_script CMakeFiles/cmTC_50845.dir/link.txt --verbose=1
/usr/bin/cc   -DCHECK_FUNCTION_EXISTS=pthread_create    CMakeFiles/cmTC_50845.dir/CheckFunctionExists.c.o  -o cmTC_50845 -rdynamic -lpthreads 
/usr/bin/ld: -lpthreads が見つかりません
collect2: error: ld returned 1 exit status
make[1]: *** [cmTC_50845] エラー 1
make[1]: ディレクトリ `/home/hondasora/practice/pcl/tracking/build/CMakeFiles/CMakeTmp' から出ます
make: *** [cmTC_50845/fast] エラー 2


